kotlin/app/build/intermediates/manifest_merge_blame_file/release/processReleaseMainManifest/manifest-merger-blame-release-report.txt
1<?xml version="1.0" encoding="utf-8"?>
2<manifest xmlns:android="http://schemas.android.com/apk/res/android"
3    package="com.klarfinance.app"
4    android:versionCode="1"
5    android:versionName="1.0.0" >
6
7    <uses-sdk
8        android:minSdkVersion="26"
9        android:targetSdkVersion="35" />
10
11    <uses-permission android:name="android.permission.INTERNET" />
11-->src/main/AndroidManifest.xml:3:5-67
11-->src/main/AndroidManifest.xml:3:22-64
12    <uses-permission android:name="android.permission.CAMERA" />
12-->src/main/AndroidManifest.xml:4:5-65
12-->src/main/AndroidManifest.xml:4:22-62
13
14    <uses-feature
14-->src/main/AndroidManifest.xml:5:5-89
15        android:name="android.hardware.camera.any"
15-->src/main/AndroidManifest.xml:5:19-61
16        android:required="false" />
16-->src/main/AndroidManifest.xml:5:62-86
17    <!--
18         Android 13+ (API 33) requires runtime request for this, see MainActivity - manifest
19         declaration alone doesn't grant it.
20    -->
21    <uses-permission android:name="android.permission.POST_NOTIFICATIONS" />
21-->src/main/AndroidManifest.xml:8:5-77
21-->src/main/AndroidManifest.xml:8:22-74
22
23    <!--
24         Location routine tracking (see core/location/) - strictly opt-in via a consent toggle
25         in Account, never requested/used unless the nasabah turns it on. ACCESS_BACKGROUND_LOCATION
26         is what lets LocationCaptureWorker (WorkManager) get a fix while the app isn't open - on
27         Android 11+ (API 30+) this can't be granted from the same runtime dialog as fine/coarse,
28         see LocationPermissionHelper.
29    -->
30    <uses-permission android:name="android.permission.ACCESS_FINE_LOCATION" />
30-->src/main/AndroidManifest.xml:15:5-79
30-->src/main/AndroidManifest.xml:15:22-76
31    <uses-permission android:name="android.permission.ACCESS_COARSE_LOCATION" />
31-->src/main/AndroidManifest.xml:16:5-81
31-->src/main/AndroidManifest.xml:16:22-78
32    <uses-permission android:name="android.permission.ACCESS_BACKGROUND_LOCATION" />
32-->src/main/AndroidManifest.xml:17:5-85
32-->src/main/AndroidManifest.xml:17:22-82
33
34    <!--
35         Device app scoring (lihat core/scan/InstalledAppsScanner.kt) - Android 11+ (API 30+)
36         menyembunyikan hasil getPackageInfo untuk package lain kecuali dideklarasikan di sini
37         (atau lewat QUERY_ALL_PACKAGES, yang sengaja dihindari - kena scrutiny lebih ketat di
38         Play Store review). Daftar package BEST-EFFORT, belum diverifikasi ke Play Store asli -
39         lihat komentar di InstalledAppsScanner.kt.
40    -->
41    <queries>
41-->src/main/AndroidManifest.xml:24:5-42:15
42        <package android:name="com.kredivo.app" />
42-->src/main/AndroidManifest.xml:25:9-51
42-->src/main/AndroidManifest.xml:25:18-48
43        <package android:name="com.akulaku.app" />
43-->src/main/AndroidManifest.xml:26:9-51
43-->src/main/AndroidManifest.xml:26:18-48
44        <package android:name="com.adakami.id" />
44-->src/main/AndroidManifest.xml:27:9-50
44-->src/main/AndroidManifest.xml:27:18-47
45        <package android:name="com.kredit.pintar" />
45-->src/main/AndroidManifest.xml:28:9-53
45-->src/main/AndroidManifest.xml:28:18-50
46        <package android:name="com.julofinance.juloapp" />
46-->src/main/AndroidManifest.xml:29:9-59
46-->src/main/AndroidManifest.xml:29:18-56
47        <package android:name="cash.easy.id" />
47-->src/main/AndroidManifest.xml:30:9-48
47-->src/main/AndroidManifest.xml:30:18-45
48        <package android:name="com.indodana.app" />
48-->src/main/AndroidManifest.xml:31:9-52
48-->src/main/AndroidManifest.xml:31:18-49
49        <package android:name="com.rupiahcepat.app" />
49-->src/main/AndroidManifest.xml:32:9-55
49-->src/main/AndroidManifest.xml:32:18-52
50        <package android:name="com.pinjamango.app" />
50-->src/main/AndroidManifest.xml:33:9-54
50-->src/main/AndroidManifest.xml:33:18-51
51        <package android:name="com.maucash.app" />
51-->src/main/AndroidManifest.xml:34:9-51
51-->src/main/AndroidManifest.xml:34:18-48
52        <package android:name="id.uangme.app" />
52-->src/main/AndroidManifest.xml:35:9-49
52-->src/main/AndroidManifest.xml:35:18-46
53        <package android:name="com.bca.mobile" />
53-->src/main/AndroidManifest.xml:36:9-50
53-->src/main/AndroidManifest.xml:36:18-47
54        <package android:name="id.co.bri.brimo" />
54-->src/main/AndroidManifest.xml:37:9-51
54-->src/main/AndroidManifest.xml:37:18-48
55        <package android:name="id.co.bankmandiri.livin" />
55-->src/main/AndroidManifest.xml:38:9-59
55-->src/main/AndroidManifest.xml:38:18-56
56        <package android:name="src.com.bni" />
56-->src/main/AndroidManifest.xml:39:9-47
56-->src/main/AndroidManifest.xml:39:18-44
57        <package android:name="com.btpn.dc" />
57-->src/main/AndroidManifest.xml:40:9-47
57-->src/main/AndroidManifest.xml:40:18-44
58        <package android:name="com.bankpermata.mobile" />
58-->src/main/AndroidManifest.xml:41:9-58
58-->src/main/AndroidManifest.xml:41:18-55
59    </queries>
60
61    <uses-permission android:name="android.permission.USE_BIOMETRIC" /> <!-- suppress DeprecatedClassUsageInspection -->
61-->[androidx.biometric:biometric:1.1.0] AndroidManifest.xml:24:5-72
61-->[androidx.biometric:biometric:1.1.0] AndroidManifest.xml:24:22-69
62    <uses-permission android:name="android.permission.USE_FINGERPRINT" />
62-->[androidx.biometric:biometric:1.1.0] AndroidManifest.xml:27:5-74
62-->[androidx.biometric:biometric:1.1.0] AndroidManifest.xml:27:22-71
63    <uses-permission android:name="android.permission.ACCESS_NETWORK_STATE" />
63-->[com.google.firebase:firebase-messaging:24.0.3] AndroidManifest.xml:22:5-79
63-->[com.google.firebase:firebase-messaging:24.0.3] AndroidManifest.xml:22:22-76
64    <uses-permission android:name="android.permission.WAKE_LOCK" /> <!-- Required by older versions of Google Play services to create IID tokens -->
64-->[com.google.firebase:firebase-messaging:24.0.3] AndroidManifest.xml:24:5-68
64-->[com.google.firebase:firebase-messaging:24.0.3] AndroidManifest.xml:24:22-65
65    <uses-permission android:name="com.google.android.c2dm.permission.RECEIVE" />
65-->[com.google.firebase:firebase-messaging:24.0.3] AndroidManifest.xml:26:5-82
65-->[com.google.firebase:firebase-messaging:24.0.3] AndroidManifest.xml:26:22-79
66    <uses-permission android:name="android.permission.RECEIVE_BOOT_COMPLETED" />
66-->[androidx.work:work-runtime:2.9.1] AndroidManifest.xml:25:5-81
66-->[androidx.work:work-runtime:2.9.1] AndroidManifest.xml:25:22-78
67    <uses-permission android:name="android.permission.FOREGROUND_SERVICE" />
67-->[androidx.work:work-runtime:2.9.1] AndroidManifest.xml:26:5-77
67-->[androidx.work:work-runtime:2.9.1] AndroidManifest.xml:26:22-74
68
69    <permission
69-->[androidx.core:core:1.13.1] AndroidManifest.xml:22:5-24:47
70        android:name="com.klarfinance.app.DYNAMIC_RECEIVER_NOT_EXPORTED_PERMISSION"
70-->[androidx.core:core:1.13.1] AndroidManifest.xml:23:9-81
71        android:protectionLevel="signature" />
71-->[androidx.core:core:1.13.1] AndroidManifest.xml:24:9-44
72
73    <uses-permission android:name="com.klarfinance.app.DYNAMIC_RECEIVER_NOT_EXPORTED_PERMISSION" />
73-->[androidx.core:core:1.13.1] AndroidManifest.xml:26:5-97
73-->[androidx.core:core:1.13.1] AndroidManifest.xml:26:22-94
74
75    <application
75-->src/main/AndroidManifest.xml:44:5-82:19
76        android:name="com.klarfinance.app.KlarFinanceApp"
76-->src/main/AndroidManifest.xml:45:9-39
77        android:allowBackup="true"
77-->src/main/AndroidManifest.xml:46:9-35
78        android:appComponentFactory="androidx.core.app.CoreComponentFactory"
78-->[androidx.core:core:1.13.1] AndroidManifest.xml:28:18-86
79        android:extractNativeLibs="false"
80        android:icon="@mipmap/ic_launcher"
80-->src/main/AndroidManifest.xml:47:9-43
81        android:label="@string/app_name"
81-->src/main/AndroidManifest.xml:48:9-41
82        android:networkSecurityConfig="@xml/network_security_config"
82-->src/main/AndroidManifest.xml:49:9-69
83        android:roundIcon="@mipmap/ic_launcher_round"
83-->src/main/AndroidManifest.xml:50:9-54
84        android:supportsRtl="true"
84-->src/main/AndroidManifest.xml:51:9-35
85        android:theme="@style/Theme.KlarFinance" >
85-->src/main/AndroidManifest.xml:52:9-49
86        <activity
86-->src/main/AndroidManifest.xml:54:9-62:20
87            android:name="com.klarfinance.app.MainActivity"
87-->src/main/AndroidManifest.xml:55:13-41
88            android:exported="true"
88-->src/main/AndroidManifest.xml:56:13-36
89            android:theme="@style/Theme.KlarFinance" >
89-->src/main/AndroidManifest.xml:57:13-53
90            <intent-filter>
90-->src/main/AndroidManifest.xml:58:13-61:29
91                <action android:name="android.intent.action.MAIN" />
91-->src/main/AndroidManifest.xml:59:17-69
91-->src/main/AndroidManifest.xml:59:25-66
92
93                <category android:name="android.intent.category.LAUNCHER" />
93-->src/main/AndroidManifest.xml:60:17-77
93-->src/main/AndroidManifest.xml:60:27-74
94            </intent-filter>
95        </activity>
96
97        <service
97-->src/main/AndroidManifest.xml:64:9-70:19
98            android:name="com.klarfinance.app.core.notification.KlarFirebaseMessagingService"
98-->src/main/AndroidManifest.xml:65:13-75
99            android:exported="false" >
99-->src/main/AndroidManifest.xml:66:13-37
100            <intent-filter>
100-->src/main/AndroidManifest.xml:67:13-69:29
101                <action android:name="com.google.firebase.MESSAGING_EVENT" />
101-->src/main/AndroidManifest.xml:68:17-78
101-->src/main/AndroidManifest.xml:68:25-75
102            </intent-filter>
103        </service>
104
105        <meta-data
105-->src/main/AndroidManifest.xml:72:9-74:72
106            android:name="com.google.firebase.messaging.default_notification_channel_id"
106-->src/main/AndroidManifest.xml:73:13-89
107            android:value="@string/approval_notification_channel_id" />
107-->src/main/AndroidManifest.xml:74:13-69
108
109        <!--
110             ML Kit Barcode Scanning (fitur Bayar QRIS, lihat presentation/qris/scan/) - triggers
111             model download saat install dari Play Store, bukan wajib tapi menghindari delay
112             download-on-first-use.
113        -->
114        <meta-data
114-->src/main/AndroidManifest.xml:79:9-81:39
115            android:name="com.google.mlkit.vision.DEPENDENCIES"
115-->src/main/AndroidManifest.xml:80:13-64
116            android:value="barcode" />
116-->src/main/AndroidManifest.xml:81:13-36
117
118        <service
118-->[com.google.android.gms:play-services-mlkit-barcode-scanning:18.3.1] AndroidManifest.xml:9:9-15:19
119            android:name="com.google.mlkit.common.internal.MlKitComponentDiscoveryService"
119-->[com.google.android.gms:play-services-mlkit-barcode-scanning:18.3.1] AndroidManifest.xml:10:13-91
120            android:directBootAware="true"
120-->[com.google.mlkit:common:18.11.0] AndroidManifest.xml:17:13-43
121            android:exported="false" >
121-->[com.google.android.gms:play-services-mlkit-barcode-scanning:18.3.1] AndroidManifest.xml:11:13-37
122            <meta-data
122-->[com.google.android.gms:play-services-mlkit-barcode-scanning:18.3.1] AndroidManifest.xml:12:13-14:85
123                android:name="com.google.firebase.components:com.google.mlkit.vision.barcode.internal.BarcodeRegistrar"
123-->[com.google.android.gms:play-services-mlkit-barcode-scanning:18.3.1] AndroidManifest.xml:13:17-120
124                android:value="com.google.firebase.components.ComponentRegistrar" />
124-->[com.google.android.gms:play-services-mlkit-barcode-scanning:18.3.1] AndroidManifest.xml:14:17-82
125            <meta-data
125-->[com.google.android.gms:play-services-mlkit-text-recognition-common:19.1.0] AndroidManifest.xml:12:13-14:85
126                android:name="com.google.firebase.components:com.google.mlkit.vision.text.internal.TextRegistrar"
126-->[com.google.android.gms:play-services-mlkit-text-recognition-common:19.1.0] AndroidManifest.xml:13:17-114
127                android:value="com.google.firebase.components.ComponentRegistrar" />
127-->[com.google.android.gms:play-services-mlkit-text-recognition-common:19.1.0] AndroidManifest.xml:14:17-82
128            <meta-data
128-->[com.google.mlkit:vision-common:17.3.0] AndroidManifest.xml:12:13-14:85
129                android:name="com.google.firebase.components:com.google.mlkit.vision.common.internal.VisionCommonRegistrar"
129-->[com.google.mlkit:vision-common:17.3.0] AndroidManifest.xml:13:17-124
130                android:value="com.google.firebase.components.ComponentRegistrar" />
130-->[com.google.mlkit:vision-common:17.3.0] AndroidManifest.xml:14:17-82
131            <meta-data
131-->[com.google.mlkit:common:18.11.0] AndroidManifest.xml:20:13-22:85
132                android:name="com.google.firebase.components:com.google.mlkit.common.internal.CommonComponentRegistrar"
132-->[com.google.mlkit:common:18.11.0] AndroidManifest.xml:21:17-120
133                android:value="com.google.firebase.components.ComponentRegistrar" />
133-->[com.google.mlkit:common:18.11.0] AndroidManifest.xml:22:17-82
134        </service>
135
136        <provider
136-->[com.google.mlkit:common:18.11.0] AndroidManifest.xml:9:9-13:38
137            android:name="com.google.mlkit.common.internal.MlKitInitProvider"
137-->[com.google.mlkit:common:18.11.0] AndroidManifest.xml:10:13-78
138            android:authorities="com.klarfinance.app.mlkitinitprovider"
138-->[com.google.mlkit:common:18.11.0] AndroidManifest.xml:11:13-69
139            android:exported="false"
139-->[com.google.mlkit:common:18.11.0] AndroidManifest.xml:12:13-37
140            android:initOrder="99" />
140-->[com.google.mlkit:common:18.11.0] AndroidManifest.xml:13:13-35
141
142        <service
142-->[com.google.firebase:firebase-messaging-ktx:24.0.3] AndroidManifest.xml:23:9-29:19
143            android:name="com.google.firebase.components.ComponentDiscoveryService"
143-->[com.google.firebase:firebase-messaging-ktx:24.0.3] AndroidManifest.xml:24:13-84
144            android:directBootAware="true"
144-->[com.google.firebase:firebase-common:21.0.0] AndroidManifest.xml:32:13-43
145            android:exported="false" >
145-->[com.google.firebase:firebase-messaging-ktx:24.0.3] AndroidManifest.xml:25:13-37
146            <meta-data
146-->[com.google.firebase:firebase-messaging-ktx:24.0.3] AndroidManifest.xml:26:13-28:85
147                android:name="com.google.firebase.components:com.google.firebase.messaging.ktx.FirebaseMessagingLegacyRegistrar"
147-->[com.google.firebase:firebase-messaging-ktx:24.0.3] AndroidManifest.xml:27:17-129
148                android:value="com.google.firebase.components.ComponentRegistrar" />
148-->[com.google.firebase:firebase-messaging-ktx:24.0.3] AndroidManifest.xml:28:17-82
149            <meta-data
149-->[com.google.firebase:firebase-messaging:24.0.3] AndroidManifest.xml:57:13-59:85
150                android:name="com.google.firebase.components:com.google.firebase.messaging.FirebaseMessagingKtxRegistrar"
150-->[com.google.firebase:firebase-messaging:24.0.3] AndroidManifest.xml:58:17-122
151                android:value="com.google.firebase.components.ComponentRegistrar" />
151-->[com.google.firebase:firebase-messaging:24.0.3] AndroidManifest.xml:59:17-82
152            <meta-data
152-->[com.google.firebase:firebase-messaging:24.0.3] AndroidManifest.xml:60:13-62:85
153                android:name="com.google.firebase.components:com.google.firebase.messaging.FirebaseMessagingRegistrar"
153-->[com.google.firebase:firebase-messaging:24.0.3] AndroidManifest.xml:61:17-119
154                android:value="com.google.firebase.components.ComponentRegistrar" />
154-->[com.google.firebase:firebase-messaging:24.0.3] AndroidManifest.xml:62:17-82
155            <meta-data
155-->[com.google.firebase:firebase-installations:18.0.0] AndroidManifest.xml:15:13-17:85
156                android:name="com.google.firebase.components:com.google.firebase.installations.FirebaseInstallationsKtxRegistrar"
156-->[com.google.firebase:firebase-installations:18.0.0] AndroidManifest.xml:16:17-130
157                android:value="com.google.firebase.components.ComponentRegistrar" />
157-->[com.google.firebase:firebase-installations:18.0.0] AndroidManifest.xml:17:17-82
158            <meta-data
158-->[com.google.firebase:firebase-installations:18.0.0] AndroidManifest.xml:18:13-20:85
159                android:name="com.google.firebase.components:com.google.firebase.installations.FirebaseInstallationsRegistrar"
159-->[com.google.firebase:firebase-installations:18.0.0] AndroidManifest.xml:19:17-127
160                android:value="com.google.firebase.components.ComponentRegistrar" />
160-->[com.google.firebase:firebase-installations:18.0.0] AndroidManifest.xml:20:17-82
161            <meta-data
161-->[com.google.firebase:firebase-common-ktx:21.0.0] AndroidManifest.xml:12:13-14:85
162                android:name="com.google.firebase.components:com.google.firebase.ktx.FirebaseCommonLegacyRegistrar"
162-->[com.google.firebase:firebase-common-ktx:21.0.0] AndroidManifest.xml:13:17-116
163                android:value="com.google.firebase.components.ComponentRegistrar" />
163-->[com.google.firebase:firebase-common-ktx:21.0.0] AndroidManifest.xml:14:17-82
164            <meta-data
164-->[com.google.firebase:firebase-common:21.0.0] AndroidManifest.xml:35:13-37:85
165                android:name="com.google.firebase.components:com.google.firebase.FirebaseCommonKtxRegistrar"
165-->[com.google.firebase:firebase-common:21.0.0] AndroidManifest.xml:36:17-109
166                android:value="com.google.firebase.components.ComponentRegistrar" />
166-->[com.google.firebase:firebase-common:21.0.0] AndroidManifest.xml:37:17-82
167            <meta-data
167-->[com.google.firebase:firebase-datatransport:18.2.0] AndroidManifest.xml:25:13-27:85
168                android:name="com.google.firebase.components:com.google.firebase.datatransport.TransportRegistrar"
168-->[com.google.firebase:firebase-datatransport:18.2.0] AndroidManifest.xml:26:17-115
169                android:value="com.google.firebase.components.ComponentRegistrar" />
169-->[com.google.firebase:firebase-datatransport:18.2.0] AndroidManifest.xml:27:17-82
170        </service>
171
172        <receiver
172-->[com.google.firebase:firebase-messaging:24.0.3] AndroidManifest.xml:29:9-40:20
173            android:name="com.google.firebase.iid.FirebaseInstanceIdReceiver"
173-->[com.google.firebase:firebase-messaging:24.0.3] AndroidManifest.xml:30:13-78
174            android:exported="true"
174-->[com.google.firebase:firebase-messaging:24.0.3] AndroidManifest.xml:31:13-36
175            android:permission="com.google.android.c2dm.permission.SEND" >
175-->[com.google.firebase:firebase-messaging:24.0.3] AndroidManifest.xml:32:13-73
176            <intent-filter>
176-->[com.google.firebase:firebase-messaging:24.0.3] AndroidManifest.xml:33:13-35:29
177                <action android:name="com.google.android.c2dm.intent.RECEIVE" />
177-->[com.google.firebase:firebase-messaging:24.0.3] AndroidManifest.xml:34:17-81
177-->[com.google.firebase:firebase-messaging:24.0.3] AndroidManifest.xml:34:25-78
178            </intent-filter>
179
180            <meta-data
180-->[com.google.firebase:firebase-messaging:24.0.3] AndroidManifest.xml:37:13-39:40
181                android:name="com.google.android.gms.cloudmessaging.FINISHED_AFTER_HANDLED"
181-->[com.google.firebase:firebase-messaging:24.0.3] AndroidManifest.xml:38:17-92
182                android:value="true" />
182-->[com.google.firebase:firebase-messaging:24.0.3] AndroidManifest.xml:39:17-37
183        </receiver>
184        <!--
185             FirebaseMessagingService performs security checks at runtime,
186             but set to not exported to explicitly avoid allowing another app to call it.
187        -->
188        <service
188-->[com.google.firebase:firebase-messaging:24.0.3] AndroidManifest.xml:46:9-53:19
189            android:name="com.google.firebase.messaging.FirebaseMessagingService"
189-->[com.google.firebase:firebase-messaging:24.0.3] AndroidManifest.xml:47:13-82
190            android:directBootAware="true"
190-->[com.google.firebase:firebase-messaging:24.0.3] AndroidManifest.xml:48:13-43
191            android:exported="false" >
191-->[com.google.firebase:firebase-messaging:24.0.3] AndroidManifest.xml:49:13-37
192            <intent-filter android:priority="-500" >
192-->src/main/AndroidManifest.xml:67:13-69:29
193                <action android:name="com.google.firebase.MESSAGING_EVENT" />
193-->src/main/AndroidManifest.xml:68:17-78
193-->src/main/AndroidManifest.xml:68:25-75
194            </intent-filter>
195        </service>
196
197        <activity
197-->[com.google.android.gms:play-services-base:18.5.0] AndroidManifest.xml:5:9-173
198            android:name="com.google.android.gms.common.api.GoogleApiActivity"
198-->[com.google.android.gms:play-services-base:18.5.0] AndroidManifest.xml:5:19-85
199            android:exported="false"
199-->[com.google.android.gms:play-services-base:18.5.0] AndroidManifest.xml:5:146-170
200            android:theme="@android:style/Theme.Translucent.NoTitleBar" />
200-->[com.google.android.gms:play-services-base:18.5.0] AndroidManifest.xml:5:86-145
201
202        <provider
202-->[com.google.firebase:firebase-common:21.0.0] AndroidManifest.xml:23:9-28:39
203            android:name="com.google.firebase.provider.FirebaseInitProvider"
203-->[com.google.firebase:firebase-common:21.0.0] AndroidManifest.xml:24:13-77
204            android:authorities="com.klarfinance.app.firebaseinitprovider"
204-->[com.google.firebase:firebase-common:21.0.0] AndroidManifest.xml:25:13-72
205            android:directBootAware="true"
205-->[com.google.firebase:firebase-common:21.0.0] AndroidManifest.xml:26:13-43
206            android:exported="false"
206-->[com.google.firebase:firebase-common:21.0.0] AndroidManifest.xml:27:13-37
207            android:initOrder="100" />
207-->[com.google.firebase:firebase-common:21.0.0] AndroidManifest.xml:28:13-36
208
209        <service
209-->[androidx.room:room-runtime:2.6.1] AndroidManifest.xml:24:9-28:63
210            android:name="androidx.room.MultiInstanceInvalidationService"
210-->[androidx.room:room-runtime:2.6.1] AndroidManifest.xml:25:13-74
211            android:directBootAware="true"
211-->[androidx.room:room-runtime:2.6.1] AndroidManifest.xml:26:13-43
212            android:exported="false" />
212-->[androidx.room:room-runtime:2.6.1] AndroidManifest.xml:27:13-37
213
214        <provider
214-->[androidx.work:work-runtime:2.9.1] AndroidManifest.xml:29:9-37:20
215            android:name="androidx.startup.InitializationProvider"
215-->[androidx.work:work-runtime:2.9.1] AndroidManifest.xml:30:13-67
216            android:authorities="com.klarfinance.app.androidx-startup"
216-->[androidx.work:work-runtime:2.9.1] AndroidManifest.xml:31:13-68
217            android:exported="false" >
217-->[androidx.work:work-runtime:2.9.1] AndroidManifest.xml:32:13-37
218            <meta-data
218-->[androidx.work:work-runtime:2.9.1] AndroidManifest.xml:34:13-36:52
219                android:name="androidx.work.WorkManagerInitializer"
219-->[androidx.work:work-runtime:2.9.1] AndroidManifest.xml:35:17-68
220                android:value="androidx.startup" />
220-->[androidx.work:work-runtime:2.9.1] AndroidManifest.xml:36:17-49
221            <meta-data
221-->[androidx.emoji2:emoji2:1.3.0] AndroidManifest.xml:29:13-31:52
222                android:name="androidx.emoji2.text.EmojiCompatInitializer"
222-->[androidx.emoji2:emoji2:1.3.0] AndroidManifest.xml:30:17-75
223                android:value="androidx.startup" />
223-->[androidx.emoji2:emoji2:1.3.0] AndroidManifest.xml:31:17-49
224            <meta-data
224-->[androidx.lifecycle:lifecycle-process:2.8.6] AndroidManifest.xml:29:13-31:52
225                android:name="androidx.lifecycle.ProcessLifecycleInitializer"
225-->[androidx.lifecycle:lifecycle-process:2.8.6] AndroidManifest.xml:30:17-78
226                android:value="androidx.startup" />
226-->[androidx.lifecycle:lifecycle-process:2.8.6] AndroidManifest.xml:31:17-49
227            <meta-data
227-->[androidx.profileinstaller:profileinstaller:1.3.1] AndroidManifest.xml:29:13-31:52
228                android:name="androidx.profileinstaller.ProfileInstallerInitializer"
228-->[androidx.profileinstaller:profileinstaller:1.3.1] AndroidManifest.xml:30:17-85
229                android:value="androidx.startup" />
229-->[androidx.profileinstaller:profileinstaller:1.3.1] AndroidManifest.xml:31:17-49
230        </provider>
231
232        <service
232-->[androidx.work:work-runtime:2.9.1] AndroidManifest.xml:39:9-45:35
233            android:name="androidx.work.impl.background.systemalarm.SystemAlarmService"
233-->[androidx.work:work-runtime:2.9.1] AndroidManifest.xml:40:13-88
234            android:directBootAware="false"
234-->[androidx.work:work-runtime:2.9.1] AndroidManifest.xml:41:13-44
235            android:enabled="@bool/enable_system_alarm_service_default"
235-->[androidx.work:work-runtime:2.9.1] AndroidManifest.xml:42:13-72
236            android:exported="false" />
236-->[androidx.work:work-runtime:2.9.1] AndroidManifest.xml:43:13-37
237        <service
237-->[androidx.work:work-runtime:2.9.1] AndroidManifest.xml:46:9-52:35
238            android:name="androidx.work.impl.background.systemjob.SystemJobService"
238-->[androidx.work:work-runtime:2.9.1] AndroidManifest.xml:47:13-84
239            android:directBootAware="false"
239-->[androidx.work:work-runtime:2.9.1] AndroidManifest.xml:48:13-44
240            android:enabled="@bool/enable_system_job_service_default"
240-->[androidx.work:work-runtime:2.9.1] AndroidManifest.xml:49:13-70
241            android:exported="true"
241-->[androidx.work:work-runtime:2.9.1] AndroidManifest.xml:50:13-36
242            android:permission="android.permission.BIND_JOB_SERVICE" />
242-->[androidx.work:work-runtime:2.9.1] AndroidManifest.xml:51:13-69
243        <service
243-->[androidx.work:work-runtime:2.9.1] AndroidManifest.xml:53:9-59:35
244            android:name="androidx.work.impl.foreground.SystemForegroundService"
244-->[androidx.work:work-runtime:2.9.1] AndroidManifest.xml:54:13-81
245            android:directBootAware="false"
245-->[androidx.work:work-runtime:2.9.1] AndroidManifest.xml:55:13-44
246            android:enabled="@bool/enable_system_foreground_service_default"
246-->[androidx.work:work-runtime:2.9.1] AndroidManifest.xml:56:13-77
247            android:exported="false" />
247-->[androidx.work:work-runtime:2.9.1] AndroidManifest.xml:57:13-37
248
249        <receiver
249-->[androidx.work:work-runtime:2.9.1] AndroidManifest.xml:61:9-66:35
250            android:name="androidx.work.impl.utils.ForceStopRunnable$BroadcastReceiver"
250-->[androidx.work:work-runtime:2.9.1] AndroidManifest.xml:62:13-88
251            android:directBootAware="false"
251-->[androidx.work:work-runtime:2.9.1] AndroidManifest.xml:63:13-44
252            android:enabled="true"
252-->[androidx.work:work-runtime:2.9.1] AndroidManifest.xml:64:13-35
253            android:exported="false" />
253-->[androidx.work:work-runtime:2.9.1] AndroidManifest.xml:65:13-37
254        <receiver
254-->[androidx.work:work-runtime:2.9.1] AndroidManifest.xml:67:9-77:20
255            android:name="androidx.work.impl.background.systemalarm.ConstraintProxy$BatteryChargingProxy"
255-->[androidx.work:work-runtime:2.9.1] AndroidManifest.xml:68:13-106
256            android:directBootAware="false"
256-->[androidx.work:work-runtime:2.9.1] AndroidManifest.xml:69:13-44
257            android:enabled="false"
257-->[androidx.work:work-runtime:2.9.1] AndroidManifest.xml:70:13-36
258            android:exported="false" >
258-->[androidx.work:work-runtime:2.9.1] AndroidManifest.xml:71:13-37
259            <intent-filter>
259-->[androidx.work:work-runtime:2.9.1] AndroidManifest.xml:73:13-76:29
260                <action android:name="android.intent.action.ACTION_POWER_CONNECTED" />
260-->[androidx.work:work-runtime:2.9.1] AndroidManifest.xml:74:17-87
260-->[androidx.work:work-runtime:2.9.1] AndroidManifest.xml:74:25-84
261                <action android:name="android.intent.action.ACTION_POWER_DISCONNECTED" />
261-->[androidx.work:work-runtime:2.9.1] AndroidManifest.xml:75:17-90
261-->[androidx.work:work-runtime:2.9.1] AndroidManifest.xml:75:25-87
262            </intent-filter>
263        </receiver>
264        <receiver
264-->[androidx.work:work-runtime:2.9.1] AndroidManifest.xml:78:9-88:20
265            android:name="androidx.work.impl.background.systemalarm.ConstraintProxy$BatteryNotLowProxy"
265-->[androidx.work:work-runtime:2.9.1] AndroidManifest.xml:79:13-104
266            android:directBootAware="false"
266-->[androidx.work:work-runtime:2.9.1] AndroidManifest.xml:80:13-44
267            android:enabled="false"
267-->[androidx.work:work-runtime:2.9.1] AndroidManifest.xml:81:13-36
268            android:exported="false" >
268-->[androidx.work:work-runtime:2.9.1] AndroidManifest.xml:82:13-37
269            <intent-filter>
269-->[androidx.work:work-runtime:2.9.1] AndroidManifest.xml:84:13-87:29
270                <action android:name="android.intent.action.BATTERY_OKAY" />
270-->[androidx.work:work-runtime:2.9.1] AndroidManifest.xml:85:17-77
270-->[androidx.work:work-runtime:2.9.1] AndroidManifest.xml:85:25-74
271                <action android:name="android.intent.action.BATTERY_LOW" />
271-->[androidx.work:work-runtime:2.9.1] AndroidManifest.xml:86:17-76
271-->[androidx.work:work-runtime:2.9.1] AndroidManifest.xml:86:25-73
272            </intent-filter>
273        </receiver>
274        <receiver
274-->[androidx.work:work-runtime:2.9.1] AndroidManifest.xml:89:9-99:20